{"E:\\GitHub\\Frontier-Engineering-Challenge-2026\\src\\agents\\analyst\\analystAgent.ts": {"path":"E:\\GitHub\\Frontier-Engineering-Challenge-2026\\src\\agents\\analyst\\analystAgent.ts","statementMap":{"0":{"start":{"line":14,"column":4},"end":{"line":14,"column":null}},"1":{"start":{"line":15,"column":4},"end":{"line":15,"column":null}},"2":{"start":{"line":16,"column":4},"end":{"line":16,"column":null}},"3":{"start":{"line":20,"column":4},"end":{"line":27,"column":null}},"4":{"start":{"line":30,"column":26},"end":{"line":30,"column":null}},"5":{"start":{"line":31,"column":26},"end":{"line":31,"column":null}},"6":{"start":{"line":33,"column":4},"end":{"line":37,"column":null}},"7":{"start":{"line":34,"column":23},"end":{"line":34,"column":null}},"8":{"start":{"line":35,"column":22},"end":{"line":35,"column":null}},"9":{"start":{"line":36,"column":6},"end":{"line":36,"column":null}},"10":{"start":{"line":39,"column":4},"end":{"line":47,"column":null}},"11":{"start":{"line":49,"column":4},"end":{"line":57,"column":null}},"12":{"start":{"line":59,"column":19},"end":{"line":108,"column":null}},"13":{"start":{"line":110,"column":4},"end":{"line":118,"column":null}},"14":{"start":{"line":120,"column":19},"end":{"line":120,"column":null}},"15":{"start":{"line":121,"column":20},"end":{"line":121,"column":null}},"16":{"start":{"line":122,"column":18},"end":{"line":122,"column":null}},"17":{"start":{"line":124,"column":4},"end":{"line":136,"column":null}},"18":{"start":{"line":138,"column":24},"end":{"line":138,"column":null}},"19":{"start":{"line":140,"column":4},"end":{"line":147,"column":null}},"20":{"start":{"line":149,"column":4},"end":{"line":149,"column":null}},"21":{"start":{"line":153,"column":28},"end":{"line":153,"column":null}},"22":{"start":{"line":154,"column":10},"end":{"line":172,"column":null}},"23":{"start":{"line":155,"column":22},"end":{"line":155,"column":null}},"24":{"start":{"line":156,"column":6},"end":{"line":171,"column":null}},"25":{"start":{"line":157,"column":8},"end":{"line":157,"column":null}},"26":{"start":{"line":157,"column":93},"end":{"line":157,"column":null}},"27":{"start":{"line":158,"column":21},"end":{"line":158,"column":null}},"28":{"start":{"line":159,"column":20},"end":{"line":159,"column":null}},"29":{"start":{"line":160,"column":8},"end":{"line":170,"column":null}},"30":{"start":{"line":161,"column":10},"end":{"line":161,"column":null}},"31":{"start":{"line":162,"column":15},"end":{"line":170,"column":null}},"32":{"start":{"line":169,"column":10},"end":{"line":169,"column":null}},"33":{"start":{"line":173,"column":4},"end":{"line":173,"column":null}},"34":{"start":{"line":174,"column":4},"end":{"line":174,"column":null}},"35":{"start":{"line":178,"column":4},"end":{"line":236,"column":null}},"36":{"start":{"line":179,"column":22},"end":{"line":183,"column":null}},"37":{"start":{"line":184,"column":21},"end":{"line":184,"column":null}},"38":{"start":{"line":185,"column":6},"end":{"line":193,"column":null}},"39":{"start":{"line":192,"column":8},"end":{"line":192,"column":null}},"40":{"start":{"line":194,"column":6},"end":{"line":194,"column":null}},"41":{"start":{"line":197,"column":6},"end":{"line":235,"column":null}}},"fnMap":{"0":{"name":"constructor","decl":{"start":{"line":13,"column":2},"end":{"line":13,"column":14}},"loc":{"start":{"line":13,"column":75},"end":{"line":17,"column":null}},"line":13},"1":{"name":"analyzeRepository","decl":{"start":{"line":19,"column":15},"end":{"line":19,"column":33}},"loc":{"start":{"line":19,"column":73},"end":{"line":150,"column":null}},"line":19},"2":{"name":"collectSourceFiles","decl":{"start":{"line":152,"column":2},"end":{"line":152,"column":10}},"loc":{"start":{"line":152,"column":57},"end":{"line":175,"column":null}},"line":152},"3":{"name":"(anonymous_3)","decl":{"start":{"line":154,"column":10},"end":{"line":154,"column":18}},"loc":{"start":{"line":154,"column":50},"end":{"line":172,"column":null}},"line":154},"4":{"name":"parseJsonReport","decl":{"start":{"line":177,"column":2},"end":{"line":177,"column":10}},"loc":{"start":{"line":177,"column":52},"end":{"line":237,"column":null}},"line":177}},"branchMap":{"0":{"loc":{"start":{"line":121,"column":20},"end":{"line":121,"column":null}},"type":"binary-expr","locations":[{"start":{"line":121,"column":20},"end":{"line":121,"column":35}},{"start":{"line":121,"column":35},"end":{"line":121,"column":null}}],"line":121},"1":{"loc":{"start":{"line":154,"column":31},"end":{"line":154,"column":50}},"type":"default-arg","locations":[{"start":{"line":154,"column":43},"end":{"line":154,"column":50}}],"line":154},"2":{"loc":{"start":{"line":157,"column":8},"end":{"line":157,"column":null}},"type":"if","locations":[{"start":{"line":157,"column":8},"end":{"line":157,"column":null}},{"start":{},"end":{}}],"line":157},"3":{"loc":{"start":{"line":157,"column":12},"end":{"line":157,"column":93}},"type":"binary-expr","locations":[{"start":{"line":157,"column":12},"end":{"line":157,"column":45}},{"start":{"line":157,"column":45},"end":{"line":157,"column":70}},{"start":{"line":157,"column":70},"end":{"line":157,"column":93}}],"line":157},"4":{"loc":{"start":{"line":159,"column":20},"end":{"line":159,"column":null}},"type":"cond-expr","locations":[{"start":{"line":159,"column":32},"end":{"line":159,"column":63}},{"start":{"line":159,"column":63},"end":{"line":159,"column":null}}],"line":159},"5":{"loc":{"start":{"line":160,"column":8},"end":{"line":170,"column":null}},"type":"if","locations":[{"start":{"line":160,"column":8},"end":{"line":170,"column":null}},{"start":{"line":162,"column":15},"end":{"line":170,"column":null}}],"line":160},"6":{"loc":{"start":{"line":162,"column":15},"end":{"line":170,"column":null}},"type":"if","locations":[{"start":{"line":162,"column":15},"end":{"line":170,"column":null}},{"start":{},"end":{}}],"line":162},"7":{"loc":{"start":{"line":163,"column":10},"end":{"line":167,"column":null}},"type":"binary-expr","locations":[{"start":{"line":163,"column":10},"end":{"line":163,"column":null}},{"start":{"line":164,"column":10},"end":{"line":164,"column":null}},{"start":{"line":165,"column":10},"end":{"line":165,"column":null}},{"start":{"line":166,"column":10},"end":{"line":166,"column":null}},{"start":{"line":167,"column":10},"end":{"line":167,"column":null}}],"line":163},"8":{"loc":{"start":{"line":185,"column":6},"end":{"line":193,"column":null}},"type":"if","locations":[{"start":{"line":185,"column":6},"end":{"line":193,"column":null}},{"start":{},"end":{}}],"line":185},"9":{"loc":{"start":{"line":186,"column":8},"end":{"line":190,"column":null}},"type":"binary-expr","locations":[{"start":{"line":186,"column":8},"end":{"line":186,"column":null}},{"start":{"line":187,"column":8},"end":{"line":187,"column":null}},{"start":{"line":188,"column":8},"end":{"line":188,"column":null}},{"start":{"line":189,"column":8},"end":{"line":189,"column":null}},{"start":{"line":190,"column":8},"end":{"line":190,"column":null}}],"line":186}},"s":{"0":7,"1":7,"2":7,"3":7,"4":7,"5":7,"6":7,"7":19,"8":19,"9":19,"10":7,"11":7,"12":7,"13":7,"14":7,"15":7,"16":7,"17":7,"18":7,"19":7,"20":7,"21":7,"22":7,"23":14,"24":14,"25":43,"26":1,"27":42,"28":42,"29":43,"30":7,"31":35,"32":19,"33":7,"34":7,"35":7,"36":7,"37":7,"38":7,"39":2,"40":4,"41":3},"f":{"0":7,"1":7,"2":7,"3":14,"4":7},"b":{"0":[7,1],"1":[14],"2":[1,42],"3":[43,42,42],"4":[10,32],"5":[7,35],"6":[19,16],"7":[35,32,22,22,16],"8":[2,5],"9":[7,6,6,4,4]},"meta":{"lastBranch":10,"lastFunction":5,"lastStatement":42,"seen":{"f:13:2:13:14":0,"s:14:4:14:Infinity":0,"s:15:4:15:Infinity":1,"s:16:4:16:Infinity":2,"f:19:15:19:33":1,"s:20:4:27:Infinity":3,"s:30:26:30:Infinity":4,"s:31:26:31:Infinity":5,"s:33:4:37:Infinity":6,"s:34:23:34:Infinity":7,"s:35:22:35:Infinity":8,"s:36:6:36:Infinity":9,"s:39:4:47:Infinity":10,"s:49:4:57:Infinity":11,"s:59:19:108:Infinity":12,"s:110:4:118:Infinity":13,"s:120:19:120:Infinity":14,"s:121:20:121:Infinity":15,"b:121:20:121:35:121:35:121:Infinity":0,"s:122:18:122:Infinity":16,"s:124:4:136:Infinity":17,"s:138:24:138:Infinity":18,"s:140:4:147:Infinity":19,"s:149:4:149:Infinity":20,"f:152:2:152:10":2,"s:153:28:153:Infinity":21,"s:154:10:172:Infinity":22,"f:154:10:154:18":3,"b:154:43:154:50":1,"s:155:22:155:Infinity":23,"s:156:6:171:Infinity":24,"b:157:8:157:Infinity:undefined:undefined:undefined:undefined":2,"s:157:8:157:Infinity":25,"b:157:12:157:45:157:45:157:70:157:70:157:93":3,"s:157:93:157:Infinity":26,"s:158:21:158:Infinity":27,"s:159:20:159:Infinity":28,"b:159:32:159:63:159:63:159:Infinity":4,"b:160:8:170:Infinity:162:15:170:Infinity":5,"s:160:8:170:Infinity":29,"s:161:10:161:Infinity":30,"b:162:15:170:Infinity:undefined:undefined:undefined:undefined":6,"s:162:15:170:Infinity":31,"b:163:10:163:Infinity:164:10:164:Infinity:165:10:165:Infinity:166:10:166:Infinity:167:10:167:Infinity":7,"s:169:10:169:Infinity":32,"s:173:4:173:Infinity":33,"s:174:4:174:Infinity":34,"f:177:2:177:10":4,"s:178:4:236:Infinity":35,"s:179:22:183:Infinity":36,"s:184:21:184:Infinity":37,"b:185:6:193:Infinity:undefined:undefined:undefined:undefined":8,"s:185:6:193:Infinity":38,"b:186:8:186:Infinity:187:8:187:Infinity:188:8:188:Infinity:189:8:189:Infinity:190:8:190:Infinity":9,"s:192:8:192:Infinity":39,"s:194:6:194:Infinity":40,"s:197:6:235:Infinity":41},"fnNames":{}}}
,"E:\\GitHub\\Frontier-Engineering-Challenge-2026\\src\\agents\\analyst\\types.ts": {"path":"E:\\GitHub\\Frontier-Engineering-Challenge-2026\\src\\agents\\analyst\\types.ts","statementMap":{},"fnMap":{},"branchMap":{},"s":{},"f":{},"b":{},"meta":{"lastBranch":0,"lastFunction":0,"lastStatement":0,"seen":{},"fnNames":{}}}
,"E:\\GitHub\\Frontier-Engineering-Challenge-2026\\src\\agents\\devops\\devopsAgent.ts": {"path":"E:\\GitHub\\Frontier-Engineering-Challenge-2026\\src\\agents\\devops\\devopsAgent.ts","statementMap":{"0":{"start":{"line":13,"column":4},"end":{"line":13,"column":null}},"1":{"start":{"line":14,"column":4},"end":{"line":14,"column":null}},"2":{"start":{"line":15,"column":4},"end":{"line":15,"column":null}},"3":{"start":{"line":19,"column":4},"end":{"line":27,"column":null}},"4":{"start":{"line":29,"column":19},"end":{"line":86,"column":null}},"5":{"start":{"line":88,"column":4},"end":{"line":96,"column":null}},"6":{"start":{"line":98,"column":19},"end":{"line":98,"column":null}},"7":{"start":{"line":99,"column":20},"end":{"line":99,"column":null}},"8":{"start":{"line":100,"column":18},"end":{"line":100,"column":null}},"9":{"start":{"line":102,"column":4},"end":{"line":114,"column":null}},"10":{"start":{"line":116,"column":18},"end":{"line":116,"column":null}},"11":{"start":{"line":118,"column":4},"end":{"line":125,"column":null}},"12":{"start":{"line":127,"column":4},"end":{"line":127,"column":null}},"13":{"start":{"line":131,"column":4},"end":{"line":178,"column":null}},"14":{"start":{"line":132,"column":22},"end":{"line":136,"column":null}},"15":{"start":{"line":137,"column":21},"end":{"line":137,"column":null}},"16":{"start":{"line":138,"column":6},"end":{"line":140,"column":null}},"17":{"start":{"line":139,"column":8},"end":{"line":139,"column":null}},"18":{"start":{"line":141,"column":6},"end":{"line":141,"column":null}},"19":{"start":{"line":144,"column":21},"end":{"line":144,"column":null}},"20":{"start":{"line":145,"column":6},"end":{"line":177,"column":null}}},"fnMap":{"0":{"name":"constructor","decl":{"start":{"line":12,"column":2},"end":{"line":12,"column":14}},"loc":{"start":{"line":12,"column":75},"end":{"line":16,"column":null}},"line":12},"1":{"name":"generateInfrastructure","decl":{"start":{"line":18,"column":15},"end":{"line":18,"column":38}},"loc":{"start":{"line":18,"column":89},"end":{"line":128,"column":null}},"line":18},"2":{"name":"parseJsonInfra","decl":{"start":{"line":130,"column":2},"end":{"line":130,"column":10}},"loc":{"start":{"line":130,"column":74},"end":{"line":179,"column":null}},"line":130}},"branchMap":{"0":{"loc":{"start":{"line":99,"column":20},"end":{"line":99,"column":null}},"type":"binary-expr","locations":[{"start":{"line":99,"column":20},"end":{"line":99,"column":35}},{"start":{"line":99,"column":35},"end":{"line":99,"column":null}}],"line":99},"1":{"loc":{"start":{"line":138,"column":6},"end":{"line":140,"column":null}},"type":"if","locations":[{"start":{"line":138,"column":6},"end":{"line":140,"column":null}},{"start":{},"end":{}}],"line":138},"2":{"loc":{"start":{"line":138,"column":10},"end":{"line":138,"column":118}},"type":"binary-expr","locations":[{"start":{"line":138,"column":10},"end":{"line":138,"column":21}},{"start":{"line":138,"column":21},"end":{"line":138,"column":51}},{"start":{"line":138,"column":51},"end":{"line":138,"column":73}},{"start":{"line":138,"column":73},"end":{"line":138,"column":96}},{"start":{"line":138,"column":96},"end":{"line":138,"column":118}}],"line":138},"3":{"loc":{"start":{"line":144,"column":21},"end":{"line":144,"column":null}},"type":"binary-expr","locations":[{"start":{"line":144,"column":21},"end":{"line":144,"column":78}},{"start":{"line":144,"column":78},"end":{"line":144,"column":null}}],"line":144}},"s":{"0":8,"1":8,"2":8,"3":8,"4":8,"5":8,"6":8,"7":8,"8":8,"9":8,"10":8,"11":8,"12":8,"13":8,"14":8,"15":8,"16":8,"17":2,"18":4,"19":4,"20":4},"f":{"0":8,"1":8,"2":8},"b":{"0":[8,1],"1":[2,6],"2":[8,6,6,4,4],"3":[4,1]},"meta":{"lastBranch":4,"lastFunction":3,"lastStatement":21,"seen":{"f:12:2:12:14":0,"s:13:4:13:Infinity":0,"s:14:4:14:Infinity":1,"s:15:4:15:Infinity":2,"f:18:15:18:38":1,"s:19:4:27:Infinity":3,"s:29:19:86:Infinity":4,"s:88:4:96:Infinity":5,"s:98:19:98:Infinity":6,"s:99:20:99:Infinity":7,"b:99:20:99:35:99:35:99:Infinity":0,"s:100:18:100:Infinity":8,"s:102:4:114:Infinity":9,"s:116:18:116:Infinity":10,"s:118:4:125:Infinity":11,"s:127:4:127:Infinity":12,"f:130:2:130:10":2,"s:131:4:178:Infinity":13,"s:132:22:136:Infinity":14,"s:137:21:137:Infinity":15,"b:138:6:140:Infinity:undefined:undefined:undefined:undefined":1,"s:138:6:140:Infinity":16,"b:138:10:138:21:138:21:138:51:138:51:138:73:138:73:138:96:138:96:138:118":2,"s:139:8:139:Infinity":17,"s:141:6:141:Infinity":18,"s:144:21:144:Infinity":19,"b:144:21:144:78:144:78:144:Infinity":3,"s:145:6:177:Infinity":20},"fnNames":{}}}
,"E:\\GitHub\\Frontier-Engineering-Challenge-2026\\src\\agents\\devops\\types.ts": {"path":"E:\\GitHub\\Frontier-Engineering-Challenge-2026\\src\\agents\\devops\\types.ts","statementMap":{},"fnMap":{},"branchMap":{},"s":{},"f":{},"b":{},"meta":{"lastBranch":0,"lastFunction":0,"lastStatement":0,"seen":{},"fnNames":{}}}
,"E:\\GitHub\\Frontier-Engineering-Challenge-2026\\src\\baseline\\baseline.ts": {"path":"E:\\GitHub\\Frontier-Engineering-Challenge-2026\\src\\baseline\\baseline.ts","statementMap":{"0":{"start":{"line":9,"column":0},"end":{"line":9,"column":null}},"1":{"start":{"line":16,"column":17},"end":{"line":16,"column":null}},"2":{"start":{"line":17,"column":20},"end":{"line":17,"column":null}},"3":{"start":{"line":19,"column":2},"end":{"line":19,"column":null}},"4":{"start":{"line":20,"column":2},"end":{"line":20,"column":null}},"5":{"start":{"line":21,"column":2},"end":{"line":21,"column":null}},"6":{"start":{"line":23,"column":21},"end":{"line":23,"column":null}},"7":{"start":{"line":24,"column":17},"end":{"line":24,"column":null}},"8":{"start":{"line":26,"column":2},"end":{"line":31,"column":null}},"9":{"start":{"line":34,"column":22},"end":{"line":34,"column":null}},"10":{"start":{"line":36,"column":24},"end":{"line":36,"column":null}},"11":{"start":{"line":37,"column":2},"end":{"line":43,"column":null}},"12":{"start":{"line":38,"column":21},"end":{"line":38,"column":null}},"13":{"start":{"line":39,"column":4},"end":{"line":42,"column":null}},"14":{"start":{"line":40,"column":22},"end":{"line":40,"column":null}},"15":{"start":{"line":41,"column":6},"end":{"line":41,"column":null}},"16":{"start":{"line":45,"column":2},"end":{"line":47,"column":null}},"17":{"start":{"line":50,"column":25},"end":{"line":56,"column":null}},"18":{"start":{"line":58,"column":2},"end":{"line":61,"column":null}},"19":{"start":{"line":63,"column":2},"end":{"line":69,"column":null}},"20":{"start":{"line":64,"column":21},"end":{"line":64,"column":null}},"21":{"start":{"line":65,"column":4},"end":{"line":65,"column":null}},"22":{"start":{"line":66,"column":4},"end":{"line":66,"column":null}},"23":{"start":{"line":67,"column":4},"end":{"line":67,"column":null}},"24":{"start":{"line":68,"column":4},"end":{"line":68,"column":null}},"25":{"start":{"line":71,"column":2},"end":{"line":150,"column":null}},"26":{"start":{"line":72,"column":15},"end":{"line":72,"column":null}},"27":{"start":{"line":73,"column":22},"end":{"line":73,"column":null}},"28":{"start":{"line":75,"column":19},"end":{"line":75,"column":null}},"29":{"start":{"line":77,"column":21},"end":{"line":77,"column":null}},"30":{"start":{"line":78,"column":22},"end":{"line":78,"column":null}},"31":{"start":{"line":79,"column":18},"end":{"line":79,"column":null}},"32":{"start":{"line":81,"column":4},"end":{"line":93,"column":null}},"33":{"start":{"line":96,"column":32},"end":{"line":117,"column":null}},"34":{"start":{"line":119,"column":25},"end":{"line":119,"column":null}},"35":{"start":{"line":120,"column":24},"end":{"line":120,"column":null}},"36":{"start":{"line":121,"column":21},"end":{"line":121,"column":null}},"37":{"start":{"line":123,"column":27},"end":{"line":123,"column":null}},"38":{"start":{"line":125,"column":4},"end":{"line":128,"column":null}},"39":{"start":{"line":130,"column":4},"end":{"line":135,"column":null}},"40":{"start":{"line":137,"column":4},"end":{"line":137,"column":null}},"41":{"start":{"line":138,"column":4},"end":{"line":138,"column":null}},"42":{"start":{"line":139,"column":4},"end":{"line":139,"column":null}},"43":{"start":{"line":140,"column":4},"end":{"line":140,"column":null}},"44":{"start":{"line":141,"column":4},"end":{"line":141,"column":null}},"45":{"start":{"line":143,"column":4},"end":{"line":143,"column":null}},"46":{"start":{"line":144,"column":4},"end":{"line":144,"column":null}},"47":{"start":{"line":146,"column":29},"end":{"line":146,"column":null}},"48":{"start":{"line":147,"column":4},"end":{"line":147,"column":null}},"49":{"start":{"line":148,"column":4},"end":{"line":148,"column":null}},"50":{"start":{"line":149,"column":4},"end":{"line":149,"column":null}}},"fnMap":{"0":{"name":"runBaseline","decl":{"start":{"line":11,"column":22},"end":{"line":11,"column":null}},"loc":{"start":{"line":15,"column":17},"end":{"line":151,"column":null}},"line":15}},"branchMap":{"0":{"loc":{"start":{"line":16,"column":17},"end":{"line":16,"column":null}},"type":"binary-expr","locations":[{"start":{"line":16,"column":17},"end":{"line":16,"column":33}},{"start":{"line":16,"column":33},"end":{"line":16,"column":null}}],"line":16},"1":{"loc":{"start":{"line":17,"column":20},"end":{"line":17,"column":null}},"type":"binary-expr","locations":[{"start":{"line":17,"column":20},"end":{"line":17,"column":35}},{"start":{"line":17,"column":35},"end":{"line":17,"column":63}},{"start":{"line":17,"column":63},"end":{"line":17,"column":null}}],"line":17},"2":{"loc":{"start":{"line":23,"column":21},"end":{"line":23,"column":null}},"type":"binary-expr","locations":[{"start":{"line":23,"column":21},"end":{"line":23,"column":41}},{"start":{"line":23,"column":41},"end":{"line":23,"column":null}}],"line":23},"3":{"loc":{"start":{"line":39,"column":4},"end":{"line":42,"column":null}},"type":"if","locations":[{"start":{"line":39,"column":4},"end":{"line":42,"column":null}},{"start":{},"end":{}}],"line":39},"4":{"loc":{"start":{"line":63,"column":2},"end":{"line":69,"column":null}},"type":"if","locations":[{"start":{"line":63,"column":2},"end":{"line":69,"column":null}},{"start":{},"end":{}}],"line":63},"5":{"loc":{"start":{"line":78,"column":22},"end":{"line":78,"column":null}},"type":"binary-expr","locations":[{"start":{"line":78,"column":22},"end":{"line":78,"column":37}},{"start":{"line":78,"column":37},"end":{"line":78,"column":null}}],"line":78},"6":{"loc":{"start":{"line":98,"column":8},"end":{"line":100,"column":null}},"type":"binary-expr","locations":[{"start":{"line":98,"column":8},"end":{"line":98,"column":null}},{"start":{"line":99,"column":8},"end":{"line":99,"column":null}},{"start":{"line":100,"column":8},"end":{"line":100,"column":null}}],"line":98},"7":{"loc":{"start":{"line":102,"column":8},"end":{"line":104,"column":null}},"type":"binary-expr","locations":[{"start":{"line":102,"column":8},"end":{"line":102,"column":null}},{"start":{"line":103,"column":8},"end":{"line":103,"column":null}},{"start":{"line":104,"column":8},"end":{"line":104,"column":null}}],"line":102},"8":{"loc":{"start":{"line":106,"column":8},"end":{"line":108,"column":null}},"type":"binary-expr","locations":[{"start":{"line":106,"column":8},"end":{"line":106,"column":null}},{"start":{"line":107,"column":8},"end":{"line":107,"column":null}},{"start":{"line":108,"column":8},"end":{"line":108,"column":null}}],"line":106},"9":{"loc":{"start":{"line":110,"column":8},"end":{"line":110,"column":null}},"type":"binary-expr","locations":[{"start":{"line":110,"column":8},"end":{"line":110,"column":42}},{"start":{"line":110,"column":42},"end":{"line":110,"column":78}},{"start":{"line":110,"column":78},"end":{"line":110,"column":null}}],"line":110},"10":{"loc":{"start":{"line":111,"column":27},"end":{"line":111,"column":null}},"type":"binary-expr","locations":[{"start":{"line":111,"column":27},"end":{"line":111,"column":77}},{"start":{"line":111,"column":77},"end":{"line":111,"column":null}}],"line":111},"11":{"loc":{"start":{"line":113,"column":8},"end":{"line":116,"column":null}},"type":"binary-expr","locations":[{"start":{"line":113,"column":8},"end":{"line":113,"column":null}},{"start":{"line":114,"column":8},"end":{"line":114,"column":null}},{"start":{"line":115,"column":8},"end":{"line":115,"column":null}},{"start":{"line":116,"column":8},"end":{"line":116,"column":null}}],"line":113},"12":{"loc":{"start":{"line":139,"column":30},"end":{"line":139,"column":63}},"type":"binary-expr","locations":[{"start":{"line":139,"column":30},"end":{"line":139,"column":56}},{"start":{"line":139,"column":56},"end":{"line":139,"column":63}}],"line":139},"13":{"loc":{"start":{"line":146,"column":29},"end":{"line":146,"column":null}},"type":"cond-expr","locations":[{"start":{"line":146,"column":54},"end":{"line":146,"column":70}},{"start":{"line":146,"column":70},"end":{"line":146,"column":null}}],"line":146}},"s":{"0":1,"1":9,"2":9,"3":9,"4":9,"5":9,"6":9,"7":9,"8":9,"9":9,"10":9,"11":9,"12":36,"13":36,"14":12,"15":12,"16":9,"17":9,"18":9,"19":9,"20":2,"21":2,"22":2,"23":2,"24":2,"25":7,"26":7,"27":7,"28":7,"29":5,"30":5,"31":9,"32":9,"33":9,"34":9,"35":9,"36":9,"37":9,"38":9,"39":9,"40":9,"41":9,"42":9,"43":9,"44":9,"45":9,"46":9,"47":2,"48":2,"49":2,"50":2},"f":{"0":9},"b":{"0":[9,1],"1":[9,2,1],"2":[9,1],"3":[12,24],"4":[2,7],"5":[5,1],"6":[9,4,4],"7":[9,4,4],"8":[9,4,3],"9":[9,4,3],"10":[9,4],"11":[9,4,4,3],"12":[9,3],"13":[1,1]},"meta":{"lastBranch":14,"lastFunction":1,"lastStatement":51,"seen":{"s:9:0:9:Infinity":0,"f:11:22:11:Infinity":0,"s:16:17:16:Infinity":1,"b:16:17:16:33:16:33:16:Infinity":0,"s:17:20:17:Infinity":2,"b:17:20:17:35:17:35:17:63:17:63:17:Infinity":1,"s:19:2:19:Infinity":3,"s:20:2:20:Infinity":4,"s:21:2:21:Infinity":5,"s:23:21:23:Infinity":6,"b:23:21:23:41:23:41:23:Infinity":2,"s:24:17:24:Infinity":7,"s:26:2:31:Infinity":8,"s:34:22:34:Infinity":9,"s:36:24:36:Infinity":10,"s:37:2:43:Infinity":11,"s:38:21:38:Infinity":12,"b:39:4:42:Infinity:undefined:undefined:undefined:undefined":3,"s:39:4:42:Infinity":13,"s:40:22:40:Infinity":14,"s:41:6:41:Infinity":15,"s:45:2:47:Infinity":16,"s:50:25:56:Infinity":17,"s:58:2:61:Infinity":18,"b:63:2:69:Infinity:undefined:undefined:undefined:undefined":4,"s:63:2:69:Infinity":19,"s:64:21:64:Infinity":20,"s:65:4:65:Infinity":21,"s:66:4:66:Infinity":22,"s:67:4:67:Infinity":23,"s:68:4:68:Infinity":24,"s:71:2:150:Infinity":25,"s:72:15:72:Infinity":26,"s:73:22:73:Infinity":27,"s:75:19:75:Infinity":28,"s:77:21:77:Infinity":29,"s:78:22:78:Infinity":30,"b:78:22:78:37:78:37:78:Infinity":5,"s:79:18:79:Infinity":31,"s:81:4:93:Infinity":32,"s:96:32:117:Infinity":33,"b:98:8:98:Infinity:99:8:99:Infinity:100:8:100:Infinity":6,"b:102:8:102:Infinity:103:8:103:Infinity:104:8:104:Infinity":7,"b:106:8:106:Infinity:107:8:107:Infinity:108:8:108:Infinity":8,"b:110:8:110:42:110:42:110:78:110:78:110:Infinity":9,"b:111:27:111:77:111:77:111:Infinity":10,"b:113:8:113:Infinity:114:8:114:Infinity:115:8:115:Infinity:116:8:116:Infinity":11,"s:119:25:119:Infinity":34,"s:120:24:120:Infinity":35,"s:121:21:121:Infinity":36,"s:123:27:123:Infinity":37,"s:125:4:128:Infinity":38,"s:130:4:135:Infinity":39,"s:137:4:137:Infinity":40,"s:138:4:138:Infinity":41,"s:139:4:139:Infinity":42,"b:139:30:139:56:139:56:139:63":12,"s:140:4:140:Infinity":43,"s:141:4:141:Infinity":44,"s:143:4:143:Infinity":45,"s:144:4:144:Infinity":46,"s:146:29:146:Infinity":47,"b:146:54:146:70:146:70:146:Infinity":13,"s:147:4:147:Infinity":48,"s:148:4:148:Infinity":49,"s:149:4:149:Infinity":50},"fnNames":{}}}
,"E:\\GitHub\\Frontier-Engineering-Challenge-2026\\src\\logger\\trajectoryLogger.ts": {"path":"E:\\GitHub\\Frontier-Engineering-Challenge-2026\\src\\logger\\trajectoryLogger.ts","statementMap":{"0":{"start":{"line":61,"column":4},"end":{"line":61,"column":null}},"1":{"start":{"line":62,"column":4},"end":{"line":64,"column":null}},"2":{"start":{"line":63,"column":6},"end":{"line":63,"column":null}},"3":{"start":{"line":66,"column":22},"end":{"line":66,"column":null}},"4":{"start":{"line":67,"column":4},"end":{"line":77,"column":null}},"5":{"start":{"line":86,"column":33},"end":{"line":93,"column":null}},"6":{"start":{"line":95,"column":4},"end":{"line":97,"column":null}},"7":{"start":{"line":96,"column":6},"end":{"line":96,"column":null}},"8":{"start":{"line":99,"column":4},"end":{"line":99,"column":null}},"9":{"start":{"line":100,"column":4},"end":{"line":100,"column":null}},"10":{"start":{"line":101,"column":4},"end":{"line":101,"column":null}},"11":{"start":{"line":102,"column":4},"end":{"line":102,"column":null}},"12":{"start":{"line":106,"column":4},"end":{"line":106,"column":null}},"13":{"start":{"line":107,"column":4},"end":{"line":107,"column":null}},"14":{"start":{"line":109,"column":18},"end":{"line":109,"column":null}},"15":{"start":{"line":110,"column":16},"end":{"line":110,"column":null}},"16":{"start":{"line":112,"column":4},"end":{"line":116,"column":null}},"17":{"start":{"line":118,"column":4},"end":{"line":118,"column":null}},"18":{"start":{"line":119,"column":4},"end":{"line":119,"column":null}},"19":{"start":{"line":123,"column":16},"end":{"line":123,"column":null}},"20":{"start":{"line":124,"column":4},"end":{"line":153,"column":null}},"21":{"start":{"line":126,"column":8},"end":{"line":126,"column":null}},"22":{"start":{"line":127,"column":8},"end":{"line":127,"column":null}},"23":{"start":{"line":129,"column":8},"end":{"line":129,"column":null}},"24":{"start":{"line":130,"column":8},"end":{"line":130,"column":null}},"25":{"start":{"line":132,"column":8},"end":{"line":132,"column":null}},"26":{"start":{"line":133,"column":8},"end":{"line":133,"column":null}},"27":{"start":{"line":135,"column":8},"end":{"line":135,"column":null}},"28":{"start":{"line":136,"column":8},"end":{"line":136,"column":null}},"29":{"start":{"line":138,"column":8},"end":{"line":138,"column":null}},"30":{"start":{"line":139,"column":8},"end":{"line":139,"column":null}},"31":{"start":{"line":141,"column":8},"end":{"line":145,"column":null}},"32":{"start":{"line":146,"column":8},"end":{"line":146,"column":null}},"33":{"start":{"line":148,"column":8},"end":{"line":148,"column":null}},"34":{"start":{"line":149,"column":8},"end":{"line":149,"column":null}},"35":{"start":{"line":151,"column":8},"end":{"line":151,"column":null}},"36":{"start":{"line":152,"column":8},"end":{"line":152,"column":null}},"37":{"start":{"line":157,"column":21},"end":{"line":157,"column":null}},"38":{"start":{"line":158,"column":4},"end":{"line":158,"column":null}},"39":{"start":{"line":161,"column":20},"end":{"line":161,"column":null}},"40":{"start":{"line":162,"column":23},"end":{"line":162,"column":null}},"41":{"start":{"line":163,"column":4},"end":{"line":163,"column":null}},"42":{"start":{"line":167,"column":4},"end":{"line":167,"column":null}},"43":{"start":{"line":171,"column":14},"end":{"line":171,"column":null}},"44":{"start":{"line":172,"column":14},"end":{"line":172,"column":null}},"45":{"start":{"line":173,"column":4},"end":{"line":173,"column":null}},"46":{"start":{"line":174,"column":4},"end":{"line":174,"column":null}},"47":{"start":{"line":175,"column":4},"end":{"line":175,"column":null}},"48":{"start":{"line":176,"column":4},"end":{"line":176,"column":null}},"49":{"start":{"line":177,"column":4},"end":{"line":177,"column":null}},"50":{"start":{"line":177,"column":19},"end":{"line":177,"column":null}},"51":{"start":{"line":178,"column":4},"end":{"line":178,"column":null}},"52":{"start":{"line":178,"column":31},"end":{"line":178,"column":null}},"53":{"start":{"line":179,"column":4},"end":{"line":179,"column":null}},"54":{"start":{"line":179,"column":32},"end":{"line":179,"column":null}},"55":{"start":{"line":180,"column":4},"end":{"line":180,"column":null}},"56":{"start":{"line":182,"column":4},"end":{"line":192,"column":null}},"57":{"start":{"line":183,"column":6},"end":{"line":183,"column":null}},"58":{"start":{"line":184,"column":6},"end":{"line":184,"column":null}},"59":{"start":{"line":185,"column":6},"end":{"line":185,"column":null}},"60":{"start":{"line":185,"column":32},"end":{"line":185,"column":null}},"61":{"start":{"line":186,"column":6},"end":{"line":186,"column":null}},"62":{"start":{"line":186,"column":33},"end":{"line":186,"column":null}},"63":{"start":{"line":187,"column":6},"end":{"line":187,"column":null}},"64":{"start":{"line":187,"column":52},"end":{"line":187,"column":null}},"65":{"start":{"line":188,"column":6},"end":{"line":188,"column":null}},"66":{"start":{"line":188,"column":33},"end":{"line":188,"column":null}},"67":{"start":{"line":189,"column":6},"end":{"line":189,"column":null}},"68":{"start":{"line":189,"column":37},"end":{"line":189,"column":null}},"69":{"start":{"line":190,"column":6},"end":{"line":190,"column":null}},"70":{"start":{"line":190,"column":30},"end":{"line":190,"column":null}},"71":{"start":{"line":191,"column":6},"end":{"line":191,"column":null}},"72":{"start":{"line":194,"column":4},"end":{"line":196,"column":null}},"73":{"start":{"line":195,"column":6},"end":{"line":195,"column":null}},"74":{"start":{"line":198,"column":4},"end":{"line":198,"column":null}}},"fnMap":{"0":{"name":"constructor","decl":{"start":{"line":55,"column":2},"end":{"line":55,"column":null}},"loc":{"start":{"line":60,"column":4},"end":{"line":78,"column":null}},"line":60},"1":{"name":"recordStep","decl":{"start":{"line":80,"column":2},"end":{"line":80,"column":9}},"loc":{"start":{"line":85,"column":20},"end":{"line":103,"column":null}},"line":85},"2":{"name":"finalize","decl":{"start":{"line":105,"column":2},"end":{"line":105,"column":9}},"loc":{"start":{"line":105,"column":91},"end":{"line":120,"column":null}},"line":105},"3":{"name":"printConsoleStep","decl":{"start":{"line":122,"column":2},"end":{"line":122,"column":10}},"loc":{"start":{"line":122,"column":49},"end":{"line":154,"column":null}},"line":122},"4":{"name":"persist","decl":{"start":{"line":156,"column":2},"end":{"line":156,"column":10}},"loc":{"start":{"line":156,"column":20},"end":{"line":164,"column":null}},"line":156},"5":{"name":"getJsonFilePath","decl":{"start":{"line":166,"column":2},"end":{"line":166,"column":9}},"loc":{"start":{"line":166,"column":35},"end":{"line":168,"column":null}},"line":166},"6":{"name":"generateReadableLog","decl":{"start":{"line":170,"column":2},"end":{"line":170,"column":10}},"loc":{"start":{"line":170,"column":40},"end":{"line":199,"column":null}},"line":170}},"branchMap":{"0":{"loc":{"start":{"line":58,"column":4},"end":{"line":58,"column":null}},"type":"default-arg","locations":[{"start":{"line":58,"column":39},"end":{"line":58,"column":null}}],"line":58},"1":{"loc":{"start":{"line":61,"column":19},"end":{"line":61,"column":null}},"type":"binary-expr","locations":[{"start":{"line":61,"column":19},"end":{"line":61,"column":36}},{"start":{"line":61,"column":36},"end":{"line":61,"column":null}}],"line":61},"2":{"loc":{"start":{"line":62,"column":4},"end":{"line":64,"column":null}},"type":"if","locations":[{"start":{"line":62,"column":4},"end":{"line":64,"column":null}},{"start":{},"end":{}}],"line":62},"3":{"loc":{"start":{"line":84,"column":4},"end":{"line":84,"column":null}},"type":"default-arg","locations":[{"start":{"line":84,"column":41},"end":{"line":84,"column":null}}],"line":84},"4":{"loc":{"start":{"line":95,"column":4},"end":{"line":97,"column":null}},"type":"if","locations":[{"start":{"line":95,"column":4},"end":{"line":97,"column":null}},{"start":{},"end":{}}],"line":95},"5":{"loc":{"start":{"line":95,"column":8},"end":{"line":95,"column":85}},"type":"binary-expr","locations":[{"start":{"line":95,"column":8},"end":{"line":95,"column":47}},{"start":{"line":95,"column":47},"end":{"line":95,"column":85}}],"line":95},"6":{"loc":{"start":{"line":124,"column":4},"end":{"line":153,"column":null}},"type":"switch","locations":[{"start":{"line":125,"column":6},"end":{"line":127,"column":null}},{"start":{"line":128,"column":6},"end":{"line":130,"column":null}},{"start":{"line":131,"column":6},"end":{"line":133,"column":null}},{"start":{"line":134,"column":6},"end":{"line":136,"column":null}},{"start":{"line":137,"column":6},"end":{"line":139,"column":null}},{"start":{"line":140,"column":6},"end":{"line":146,"column":null}},{"start":{"line":147,"column":6},"end":{"line":149,"column":null}},{"start":{"line":150,"column":6},"end":{"line":152,"column":null}}],"line":124},"7":{"loc":{"start":{"line":129,"column":44},"end":{"line":129,"column":82}},"type":"binary-expr","locations":[{"start":{"line":129,"column":44},"end":{"line":129,"column":68}},{"start":{"line":129,"column":68},"end":{"line":129,"column":82}}],"line":129},"8":{"loc":{"start":{"line":142,"column":10},"end":{"line":144,"column":null}},"type":"cond-expr","locations":[{"start":{"line":143,"column":14},"end":{"line":143,"column":null}},{"start":{"line":144,"column":14},"end":{"line":144,"column":null}}],"line":142},"9":{"loc":{"start":{"line":151,"column":57},"end":{"line":151,"column":93}},"type":"binary-expr","locations":[{"start":{"line":151,"column":57},"end":{"line":151,"column":79}},{"start":{"line":151,"column":79},"end":{"line":151,"column":93}}],"line":151},"10":{"loc":{"start":{"line":177,"column":4},"end":{"line":177,"column":null}},"type":"if","locations":[{"start":{"line":177,"column":4},"end":{"line":177,"column":null}},{"start":{},"end":{}}],"line":177},"11":{"loc":{"start":{"line":178,"column":4},"end":{"line":178,"column":null}},"type":"if","locations":[{"start":{"line":178,"column":4},"end":{"line":178,"column":null}},{"start":{},"end":{}}],"line":178},"12":{"loc":{"start":{"line":179,"column":4},"end":{"line":179,"column":null}},"type":"if","locations":[{"start":{"line":179,"column":4},"end":{"line":179,"column":null}},{"start":{},"end":{}}],"line":179},"13":{"loc":{"start":{"line":185,"column":6},"end":{"line":185,"column":null}},"type":"if","locations":[{"start":{"line":185,"column":6},"end":{"line":185,"column":null}},{"start":{},"end":{}}],"line":185},"14":{"loc":{"start":{"line":186,"column":6},"end":{"line":186,"column":null}},"type":"if","locations":[{"start":{"line":186,"column":6},"end":{"line":186,"column":null}},{"start":{},"end":{}}],"line":186},"15":{"loc":{"start":{"line":187,"column":6},"end":{"line":187,"column":null}},"type":"if","locations":[{"start":{"line":187,"column":6},"end":{"line":187,"column":null}},{"start":{},"end":{}}],"line":187},"16":{"loc":{"start":{"line":187,"column":72},"end":{"line":187,"column":114}},"type":"cond-expr","locations":[{"start":{"line":187,"column":101},"end":{"line":187,"column":109}},{"start":{"line":187,"column":109},"end":{"line":187,"column":114}}],"line":187},"17":{"loc":{"start":{"line":188,"column":6},"end":{"line":188,"column":null}},"type":"if","locations":[{"start":{"line":188,"column":6},"end":{"line":188,"column":null}},{"start":{},"end":{}}],"line":188},"18":{"loc":{"start":{"line":189,"column":6},"end":{"line":189,"column":null}},"type":"if","locations":[{"start":{"line":189,"column":6},"end":{"line":189,"column":null}},{"start":{},"end":{}}],"line":189},"19":{"loc":{"start":{"line":190,"column":6},"end":{"line":190,"column":null}},"type":"if","locations":[{"start":{"line":190,"column":6},"end":{"line":190,"column":null}},{"start":{},"end":{}}],"line":190},"20":{"loc":{"start":{"line":194,"column":4},"end":{"line":196,"column":null}},"type":"if","locations":[{"start":{"line":194,"column":4},"end":{"line":196,"column":null}},{"start":{},"end":{}}],"line":194}},"s":{"0":30,"1":30,"2":1,"3":30,"4":30,"5":165,"6":165,"7":35,"8":165,"9":165,"10":165,"11":165,"12":14,"13":14,"14":14,"15":14,"16":14,"17":14,"18":14,"19":165,"20":165,"21":29,"22":29,"23":18,"24":18,"25":32,"26":32,"27":21,"28":21,"29":17,"30":17,"31":18,"32":18,"33":24,"34":24,"35":6,"36":6,"37":179,"38":179,"39":179,"40":179,"41":179,"42":217,"43":179,"44":179,"45":179,"46":179,"47":179,"48":179,"49":179,"50":14,"51":179,"52":7,"53":179,"54":3,"55":179,"56":179,"57":1102,"58":1102,"59":1102,"60":399,"61":1102,"62":342,"63":1102,"64":95,"65":1102,"66":106,"67":1102,"68":106,"69":1102,"70":11,"71":1102,"72":179,"73":14,"74":179},"f":{"0":30,"1":165,"2":14,"3":165,"4":179,"5":217,"6":179},"b":{"0":[30],"1":[30,29],"2":[1,29],"3":[165],"4":[35,130],"5":[165,148],"6":[29,18,32,21,17,18,24,6],"7":[18,1],"8":[12,6],"9":[6,1],"10":[14,165],"11":[7,172],"12":[3,176],"13":[399,703],"14":[342,760],"15":[95,1007],"16":[66,29],"17":[106,996],"18":[106,996],"19":[11,1091],"20":[14,165]},"meta":{"lastBranch":21,"lastFunction":7,"lastStatement":75,"seen":{"f:55:2:55:Infinity":0,"b:58:39:58:Infinity":0,"s:61:4:61:Infinity":0,"b:61:19:61:36:61:36:61:Infinity":1,"b:62:4:64:Infinity:undefined:undefined:undefined:undefined":2,"s:62:4:64:Infinity":1,"s:63:6:63:Infinity":2,"s:66:22:66:Infinity":3,"s:67:4:77:Infinity":4,"f:80:2:80:9":1,"b:84:41:84:Infinity":3,"s:86:33:93:Infinity":5,"b:95:4:97:Infinity:undefined:undefined:undefined:undefined":4,"s:95:4:97:Infinity":6,"b:95:8:95:47:95:47:95:85":5,"s:96:6:96:Infinity":7,"s:99:4:99:Infinity":8,"s:100:4:100:Infinity":9,"s:101:4:101:Infinity":10,"s:102:4:102:Infinity":11,"f:105:2:105:9":2,"s:106:4:106:Infinity":12,"s:107:4:107:Infinity":13,"s:109:18:109:Infinity":14,"s:110:16:110:Infinity":15,"s:112:4:116:Infinity":16,"s:118:4:118:Infinity":17,"s:119:4:119:Infinity":18,"f:122:2:122:10":3,"s:123:16:123:Infinity":19,"b:125:6:127:Infinity:128:6:130:Infinity:131:6:133:Infinity:134:6:136:Infinity:137:6:139:Infinity:140:6:146:Infinity:147:6:149:Infinity:150:6:152:Infinity":6,"s:124:4:153:Infinity":20,"s:126:8:126:Infinity":21,"s:127:8:127:Infinity":22,"s:129:8:129:Infinity":23,"b:129:44:129:68:129:68:129:82":7,"s:130:8:130:Infinity":24,"s:132:8:132:Infinity":25,"s:133:8:133:Infinity":26,"s:135:8:135:Infinity":27,"s:136:8:136:Infinity":28,"s:138:8:138:Infinity":29,"s:139:8:139:Infinity":30,"s:141:8:145:Infinity":31,"b:143:14:143:Infinity:144:14:144:Infinity":8,"s:146:8:146:Infinity":32,"s:148:8:148:Infinity":33,"s:149:8:149:Infinity":34,"s:151:8:151:Infinity":35,"b:151:57:151:79:151:79:151:93":9,"s:152:8:152:Infinity":36,"f:156:2:156:10":4,"s:157:21:157:Infinity":37,"s:158:4:158:Infinity":38,"s:161:20:161:Infinity":39,"s:162:23:162:Infinity":40,"s:163:4:163:Infinity":41,"f:166:2:166:9":5,"s:167:4:167:Infinity":42,"f:170:2:170:10":6,"s:171:14:171:Infinity":43,"s:172:14:172:Infinity":44,"s:173:4:173:Infinity":45,"s:174:4:174:Infinity":46,"s:175:4:175:Infinity":47,"s:176:4:176:Infinity":48,"b:177:4:177:Infinity:undefined:undefined:undefined:undefined":10,"s:177:4:177:Infinity":49,"s:177:19:177:Infinity":50,"b:178:4:178:Infinity:undefined:undefined:undefined:undefined":11,"s:178:4:178:Infinity":51,"s:178:31:178:Infinity":52,"b:179:4:179:Infinity:undefined:undefined:undefined:undefined":12,"s:179:4:179:Infinity":53,"s:179:32:179:Infinity":54,"s:180:4:180:Infinity":55,"s:182:4:192:Infinity":56,"s:183:6:183:Infinity":57,"s:184:6:184:Infinity":58,"b:185:6:185:Infinity:undefined:undefined:undefined:undefined":13,"s:185:6:185:Infinity":59,"s:185:32:185:Infinity":60,"b:186:6:186:Infinity:undefined:undefined:undefined:undefined":14,"s:186:6:186:Infinity":61,"s:186:33:186:Infinity":62,"b:187:6:187:Infinity:undefined:undefined:undefined:undefined":15,"s:187:6:187:Infinity":63,"s:187:52:187:Infinity":64,"b:187:101:187:109:187:109:187:114":16,"b:188:6:188:Infinity:undefined:undefined:undefined:undefined":17,"s:188:6:188:Infinity":65,"s:188:33:188:Infinity":66,"b:189:6:189:Infinity:undefined:undefined:undefined:undefined":18,"s:189:6:189:Infinity":67,"s:189:37:189:Infinity":68,"b:190:6:190:Infinity:undefined:undefined:undefined:undefined":19,"s:190:6:190:Infinity":69,"s:190:30:190:Infinity":70,"s:191:6:191:Infinity":71,"b:194:4:196:Infinity:undefined:undefined:undefined:undefined":20,"s:194:4:196:Infinity":72,"s:195:6:195:Infinity":73,"s:198:4:198:Infinity":74},"fnNames":{}}}
,"E:\\GitHub\\Frontier-Engineering-Challenge-2026\\src\\orchestration\\sandbox.ts": {"path":"E:\\GitHub\\Frontier-Engineering-Challenge-2026\\src\\orchestration\\sandbox.ts","statementMap":{"0":{"start":{"line":18,"column":4},"end":{"line":18,"column":null}},"1":{"start":{"line":26,"column":4},"end":{"line":26,"column":null}},"2":{"start":{"line":27,"column":4},"end":{"line":27,"column":null}},"3":{"start":{"line":28,"column":4},"end":{"line":28,"column":null}},"4":{"start":{"line":29,"column":4},"end":{"line":29,"column":null}},"5":{"start":{"line":30,"column":4},"end":{"line":30,"column":null}},"6":{"start":{"line":31,"column":4},"end":{"line":31,"column":null}},"7":{"start":{"line":32,"column":4},"end":{"line":32,"column":null}},"8":{"start":{"line":33,"column":4},"end":{"line":33,"column":null}},"9":{"start":{"line":36,"column":18},"end":{"line":36,"column":null}},"10":{"start":{"line":37,"column":25},"end":{"line":37,"column":null}},"11":{"start":{"line":38,"column":4},"end":{"line":40,"column":null}},"12":{"start":{"line":39,"column":6},"end":{"line":39,"column":null}},"13":{"start":{"line":41,"column":4},"end":{"line":43,"column":null}},"14":{"start":{"line":42,"column":6},"end":{"line":42,"column":null}},"15":{"start":{"line":44,"column":4},"end":{"line":44,"column":null}},"16":{"start":{"line":46,"column":4},"end":{"line":58,"column":null}},"17":{"start":{"line":60,"column":21},"end":{"line":62,"column":null}},"18":{"start":{"line":64,"column":4},"end":{"line":72,"column":null}},"19":{"start":{"line":74,"column":4},"end":{"line":74,"column":null}},"20":{"start":{"line":81,"column":21},"end":{"line":81,"column":null}},"21":{"start":{"line":83,"column":4},"end":{"line":86,"column":null}},"22":{"start":{"line":84,"column":6},"end":{"line":84,"column":null}},"23":{"start":{"line":85,"column":6},"end":{"line":85,"column":null}},"24":{"start":{"line":88,"column":16},"end":{"line":88,"column":null}},"25":{"start":{"line":89,"column":4},"end":{"line":91,"column":null}},"26":{"start":{"line":90,"column":6},"end":{"line":90,"column":null}},"27":{"start":{"line":93,"column":4},"end":{"line":93,"column":null}},"28":{"start":{"line":94,"column":4},"end":{"line":94,"column":null}},"29":{"start":{"line":95,"column":4},"end":{"line":95,"column":null}},"30":{"start":{"line":99,"column":15},"end":{"line":102,"column":null}},"31":{"start":{"line":104,"column":4},"end":{"line":110,"column":null}},"32":{"start":{"line":105,"column":6},"end":{"line":109,"column":null}},"33":{"start":{"line":106,"column":8},"end":{"line":106,"column":null}},"34":{"start":{"line":107,"column":24},"end":{"line":107,"column":null}},"35":{"start":{"line":108,"column":8},"end":{"line":108,"column":null}}},"fnMap":{"0":{"name":"constructor","decl":{"start":{"line":17,"column":2},"end":{"line":17,"column":14}},"loc":{"start":{"line":17,"column":40},"end":{"line":19,"column":null}},"line":17},"1":{"name":"requestApproval","decl":{"start":{"line":25,"column":15},"end":{"line":25,"column":31}},"loc":{"start":{"line":25,"column":79},"end":{"line":75,"column":null}},"line":25},"2":{"name":"writeApprovedFile","decl":{"start":{"line":80,"column":15},"end":{"line":80,"column":33}},"loc":{"start":{"line":80,"column":81},"end":{"line":96,"column":null}},"line":80},"3":{"name":"promptYesNo","decl":{"start":{"line":98,"column":2},"end":{"line":98,"column":10}},"loc":{"start":{"line":98,"column":58},"end":{"line":111,"column":null}},"line":98},"4":{"name":"(anonymous_4)","decl":{"start":{"line":104,"column":15},"end":{"line":104,"column":24}},"loc":{"start":{"line":104,"column":36},"end":{"line":110,"column":5}},"line":104},"5":{"name":"(anonymous_5)","decl":{"start":{"line":105,"column":18},"end":{"line":105,"column":29}},"loc":{"start":{"line":105,"column":40},"end":{"line":109,"column":7}},"line":105}},"branchMap":{"0":{"loc":{"start":{"line":41,"column":4},"end":{"line":43,"column":null}},"type":"if","locations":[{"start":{"line":41,"column":4},"end":{"line":43,"column":null}},{"start":{},"end":{}}],"line":41},"1":{"loc":{"start":{"line":67,"column":6},"end":{"line":67,"column":null}},"type":"cond-expr","locations":[{"start":{"line":67,"column":17},"end":{"line":67,"column":67}},{"start":{"line":67,"column":67},"end":{"line":67,"column":null}}],"line":67},"2":{"loc":{"start":{"line":70,"column":18},"end":{"line":70,"column":null}},"type":"cond-expr","locations":[{"start":{"line":70,"column":29},"end":{"line":70,"column":67}},{"start":{"line":70,"column":67},"end":{"line":70,"column":null}}],"line":70},"3":{"loc":{"start":{"line":83,"column":4},"end":{"line":86,"column":null}},"type":"if","locations":[{"start":{"line":83,"column":4},"end":{"line":86,"column":null}},{"start":{},"end":{}}],"line":83},"4":{"loc":{"start":{"line":89,"column":4},"end":{"line":91,"column":null}},"type":"if","locations":[{"start":{"line":89,"column":4},"end":{"line":91,"column":null}},{"start":{},"end":{}}],"line":89},"5":{"loc":{"start":{"line":108,"column":16},"end":{"line":108,"column":52}},"type":"binary-expr","locations":[{"start":{"line":108,"column":16},"end":{"line":108,"column":35}},{"start":{"line":108,"column":35},"end":{"line":108,"column":52}}],"line":108}},"s":{"0":6,"1":16,"2":16,"3":16,"4":16,"5":16,"6":16,"7":16,"8":16,"9":16,"10":16,"11":16,"12":55,"13":16,"14":1,"15":16,"16":16,"17":16,"18":16,"19":16,"20":15,"21":15,"22":5,"23":5,"24":10,"25":10,"26":2,"27":10,"28":10,"29":10,"30":16,"31":16,"32":16,"33":16,"34":16,"35":16},"f":{"0":6,"1":16,"2":15,"3":16,"4":16,"5":16},"b":{"0":[1,15],"1":[11,5],"2":[11,5],"3":[5,10],"4":[2,8],"5":[16,6]},"meta":{"lastBranch":6,"lastFunction":6,"lastStatement":36,"seen":{"f:17:2:17:14":0,"s:18:4:18:Infinity":0,"f:25:15:25:31":1,"s:26:4:26:Infinity":1,"s:27:4:27:Infinity":2,"s:28:4:28:Infinity":3,"s:29:4:29:Infinity":4,"s:30:4:30:Infinity":5,"s:31:4:31:Infinity":6,"s:32:4:32:Infinity":7,"s:33:4:33:Infinity":8,"s:36:18:36:Infinity":9,"s:37:25:37:Infinity":10,"s:38:4:40:Infinity":11,"s:39:6:39:Infinity":12,"b:41:4:43:Infinity:undefined:undefined:undefined:undefined":0,"s:41:4:43:Infinity":13,"s:42:6:42:Infinity":14,"s:44:4:44:Infinity":15,"s:46:4:58:Infinity":16,"s:60:21:62:Infinity":17,"s:64:4:72:Infinity":18,"b:67:17:67:67:67:67:67:Infinity":1,"b:70:29:70:67:70:67:70:Infinity":2,"s:74:4:74:Infinity":19,"f:80:15:80:33":2,"s:81:21:81:Infinity":20,"b:83:4:86:Infinity:undefined:undefined:undefined:undefined":3,"s:83:4:86:Infinity":21,"s:84:6:84:Infinity":22,"s:85:6:85:Infinity":23,"s:88:16:88:Infinity":24,"b:89:4:91:Infinity:undefined:undefined:undefined:undefined":4,"s:89:4:91:Infinity":25,"s:90:6:90:Infinity":26,"s:93:4:93:Infinity":27,"s:94:4:94:Infinity":28,"s:95:4:95:Infinity":29,"f:98:2:98:10":3,"s:99:15:102:Infinity":30,"s:104:4:110:Infinity":31,"f:104:15:104:24":4,"s:105:6:109:Infinity":32,"f:105:18:105:29":5,"s:106:8:106:Infinity":33,"s:107:24:107:Infinity":34,"s:108:8:108:Infinity":35,"b:108:16:108:35:108:35:108:52":5},"fnNames":{}}}
,"E:\\GitHub\\Frontier-Engineering-Challenge-2026\\src\\orchestration\\workflow.ts": {"path":"E:\\GitHub\\Frontier-Engineering-Challenge-2026\\src\\orchestration\\workflow.ts","statementMap":{"0":{"start":{"line":18,"column":4},"end":{"line":18,"column":null}},"1":{"start":{"line":22,"column":22},"end":{"line":22,"column":null}},"2":{"start":{"line":23,"column":4},"end":{"line":23,"column":null}},"3":{"start":{"line":24,"column":4},"end":{"line":24,"column":null}},"4":{"start":{"line":25,"column":4},"end":{"line":25,"column":null}},"5":{"start":{"line":27,"column":19},"end":{"line":27,"column":null}},"6":{"start":{"line":29,"column":20},"end":{"line":29,"column":null}},"7":{"start":{"line":31,"column":4},"end":{"line":39,"column":null}},"8":{"start":{"line":44,"column":4},"end":{"line":44,"column":null}},"9":{"start":{"line":45,"column":20},"end":{"line":45,"column":null}},"10":{"start":{"line":46,"column":24},"end":{"line":46,"column":null}},"11":{"start":{"line":48,"column":4},"end":{"line":48,"column":null}},"12":{"start":{"line":49,"column":4},"end":{"line":51,"column":null}},"13":{"start":{"line":52,"column":4},"end":{"line":52,"column":null}},"14":{"start":{"line":53,"column":4},"end":{"line":53,"column":null}},"15":{"start":{"line":54,"column":4},"end":{"line":54,"column":null}},"16":{"start":{"line":55,"column":4},"end":{"line":55,"column":null}},"17":{"start":{"line":57,"column":4},"end":{"line":65,"column":null}},"18":{"start":{"line":58,"column":6},"end":{"line":58,"column":null}},"19":{"start":{"line":59,"column":6},"end":{"line":64,"column":null}},"20":{"start":{"line":60,"column":8},"end":{"line":62,"column":null}},"21":{"start":{"line":63,"column":8},"end":{"line":63,"column":null}},"22":{"start":{"line":67,"column":4},"end":{"line":73,"column":null}},"23":{"start":{"line":68,"column":6},"end":{"line":68,"column":null}},"24":{"start":{"line":69,"column":6},"end":{"line":72,"column":null}},"25":{"start":{"line":70,"column":8},"end":{"line":70,"column":null}},"26":{"start":{"line":71,"column":8},"end":{"line":71,"column":null}},"27":{"start":{"line":78,"column":4},"end":{"line":78,"column":null}},"28":{"start":{"line":79,"column":19},"end":{"line":79,"column":null}},"29":{"start":{"line":80,"column":27},"end":{"line":80,"column":null}},"30":{"start":{"line":82,"column":4},"end":{"line":82,"column":null}},"31":{"start":{"line":87,"column":4},"end":{"line":87,"column":null}},"32":{"start":{"line":89,"column":21},"end":{"line":95,"column":null}},"33":{"start":{"line":96,"column":23},"end":{"line":96,"column":null}},"34":{"start":{"line":96,"column":74},"end":{"line":96,"column":84}},"35":{"start":{"line":98,"column":24},"end":{"line":98,"column":null}},"36":{"start":{"line":99,"column":4},"end":{"line":108,"column":null}},"37":{"start":{"line":100,"column":25},"end":{"line":100,"column":null}},"38":{"start":{"line":101,"column":22},"end":{"line":106,"column":null}},"39":{"start":{"line":107,"column":6},"end":{"line":107,"column":null}},"40":{"start":{"line":107,"column":19},"end":{"line":107,"column":null}},"41":{"start":{"line":113,"column":21},"end":{"line":113,"column":null}},"42":{"start":{"line":115,"column":32},"end":{"line":137,"column":null}},"43":{"start":{"line":118,"column":10},"end":{"line":120,"column":null}},"44":{"start":{"line":124,"column":10},"end":{"line":126,"column":null}},"45":{"start":{"line":139,"column":25},"end":{"line":139,"column":null}},"46":{"start":{"line":140,"column":24},"end":{"line":140,"column":null}},"47":{"start":{"line":141,"column":21},"end":{"line":141,"column":null}},"48":{"start":{"line":143,"column":20},"end":{"line":143,"column":null}},"49":{"start":{"line":145,"column":4},"end":{"line":148,"column":null}},"50":{"start":{"line":150,"column":4},"end":{"line":152,"column":null}},"51":{"start":{"line":154,"column":4},"end":{"line":156,"column":null}},"52":{"start":{"line":157,"column":4},"end":{"line":157,"column":null}},"53":{"start":{"line":158,"column":4},"end":{"line":158,"column":null}},"54":{"start":{"line":160,"column":4},"end":{"line":203,"column":null}},"55":{"start":{"line":205,"column":4},"end":{"line":205,"column":null}}},"fnMap":{"0":{"name":"constructor","decl":{"start":{"line":17,"column":2},"end":{"line":17,"column":14}},"loc":{"start":{"line":17,"column":40},"end":{"line":19,"column":null}},"line":17},"1":{"name":"run","decl":{"start":{"line":21,"column":15},"end":{"line":21,"column":36}},"loc":{"start":{"line":21,"column":36},"end":{"line":206,"column":null}},"line":21},"2":{"name":"(anonymous_2)","decl":{"start":{"line":96,"column":32},"end":{"line":96,"column":40}},"loc":{"start":{"line":96,"column":74},"end":{"line":96,"column":84}},"line":96},"3":{"name":"(anonymous_3)","decl":{"start":{"line":116,"column":60},"end":{"line":116,"column":null}},"loc":{"start":{"line":118,"column":10},"end":{"line":120,"column":null}},"line":118},"4":{"name":"(anonymous_4)","decl":{"start":{"line":122,"column":60},"end":{"line":122,"column":null}},"loc":{"start":{"line":124,"column":10},"end":{"line":126,"column":null}},"line":124}},"branchMap":{"0":{"loc":{"start":{"line":57,"column":4},"end":{"line":65,"column":null}},"type":"if","locations":[{"start":{"line":57,"column":4},"end":{"line":65,"column":null}},{"start":{},"end":{}}],"line":57},"1":{"loc":{"start":{"line":67,"column":4},"end":{"line":73,"column":null}},"type":"if","locations":[{"start":{"line":67,"column":4},"end":{"line":73,"column":null}},{"start":{},"end":{}}],"line":67},"2":{"loc":{"start":{"line":107,"column":6},"end":{"line":107,"column":null}},"type":"if","locations":[{"start":{"line":107,"column":6},"end":{"line":107,"column":null}},{"start":{},"end":{}}],"line":107},"3":{"loc":{"start":{"line":118,"column":10},"end":{"line":120,"column":null}},"type":"binary-expr","locations":[{"start":{"line":118,"column":10},"end":{"line":118,"column":null}},{"start":{"line":119,"column":10},"end":{"line":119,"column":null}},{"start":{"line":120,"column":10},"end":{"line":120,"column":null}}],"line":118},"4":{"loc":{"start":{"line":124,"column":10},"end":{"line":126,"column":null}},"type":"binary-expr","locations":[{"start":{"line":124,"column":10},"end":{"line":124,"column":null}},{"start":{"line":125,"column":10},"end":{"line":125,"column":null}},{"start":{"line":126,"column":10},"end":{"line":126,"column":null}}],"line":124},"5":{"loc":{"start":{"line":129,"column":8},"end":{"line":129,"column":null}},"type":"binary-expr","locations":[{"start":{"line":129,"column":8},"end":{"line":129,"column":65}},{"start":{"line":129,"column":65},"end":{"line":129,"column":null}}],"line":129},"6":{"loc":{"start":{"line":131,"column":8},"end":{"line":131,"column":null}},"type":"binary-expr","locations":[{"start":{"line":131,"column":8},"end":{"line":131,"column":62}},{"start":{"line":131,"column":62},"end":{"line":131,"column":null}}],"line":131},"7":{"loc":{"start":{"line":134,"column":8},"end":{"line":134,"column":null}},"type":"binary-expr","locations":[{"start":{"line":134,"column":8},"end":{"line":134,"column":68}},{"start":{"line":134,"column":68},"end":{"line":134,"column":null}}],"line":134}},"s":{"0":3,"1":3,"2":3,"3":3,"4":3,"5":3,"6":3,"7":3,"8":3,"9":3,"10":3,"11":3,"12":3,"13":3,"14":3,"15":3,"16":3,"17":3,"18":2,"19":2,"20":2,"21":2,"22":3,"23":2,"24":2,"25":2,"26":2,"27":3,"28":3,"29":3,"30":3,"31":3,"32":3,"33":3,"34":15,"35":3,"36":3,"37":13,"38":13,"39":13,"40":9,"41":3,"42":3,"43":2,"44":2,"45":3,"46":3,"47":3,"48":3,"49":3,"50":3,"51":3,"52":3,"53":3,"54":3,"55":3},"f":{"0":3,"1":3,"2":15,"3":2,"4":2},"b":{"0":[2,1],"1":[2,1],"2":[9,4],"3":[2,1,1],"4":[2,1,1],"5":[3,2],"6":[3,3],"7":[3,2]},"meta":{"lastBranch":8,"lastFunction":5,"lastStatement":56,"seen":{"f:17:2:17:14":0,"s:18:4:18:Infinity":0,"f:21:15:21:36":1,"s:22:22:22:Infinity":1,"s:23:4:23:Infinity":2,"s:24:4:24:Infinity":3,"s:25:4:25:Infinity":4,"s:27:19:27:Infinity":5,"s:29:20:29:Infinity":6,"s:31:4:39:Infinity":7,"s:44:4:44:Infinity":8,"s:45:20:45:Infinity":9,"s:46:24:46:Infinity":10,"s:48:4:48:Infinity":11,"s:49:4:51:Infinity":12,"s:52:4:52:Infinity":13,"s:53:4:53:Infinity":14,"s:54:4:54:Infinity":15,"s:55:4:55:Infinity":16,"b:57:4:65:Infinity:undefined:undefined:undefined:undefined":0,"s:57:4:65:Infinity":17,"s:58:6:58:Infinity":18,"s:59:6:64:Infinity":19,"s:60:8:62:Infinity":20,"s:63:8:63:Infinity":21,"b:67:4:73:Infinity:undefined:undefined:undefined:undefined":1,"s:67:4:73:Infinity":22,"s:68:6:68:Infinity":23,"s:69:6:72:Infinity":24,"s:70:8:70:Infinity":25,"s:71:8:71:Infinity":26,"s:78:4:78:Infinity":27,"s:79:19:79:Infinity":28,"s:80:27:80:Infinity":29,"s:82:4:82:Infinity":30,"s:87:4:87:Infinity":31,"s:89:21:95:Infinity":32,"s:96:23:96:Infinity":33,"f:96:32:96:40":2,"s:96:74:96:84":34,"s:98:24:98:Infinity":35,"s:99:4:108:Infinity":36,"s:100:25:100:Infinity":37,"s:101:22:106:Infinity":38,"b:107:6:107:Infinity:undefined:undefined:undefined:undefined":2,"s:107:6:107:Infinity":39,"s:107:19:107:Infinity":40,"s:113:21:113:Infinity":41,"s:115:32:137:Infinity":42,"f:116:60:116:Infinity":3,"s:118:10:120:Infinity":43,"b:118:10:118:Infinity:119:10:119:Infinity:120:10:120:Infinity":3,"f:122:60:122:Infinity":4,"s:124:10:126:Infinity":44,"b:124:10:124:Infinity:125:10:125:Infinity:126:10:126:Infinity":4,"b:129:8:129:65:129:65:129:Infinity":5,"b:131:8:131:62:131:62:131:Infinity":6,"b:134:8:134:68:134:68:134:Infinity":7,"s:139:25:139:Infinity":45,"s:140:24:140:Infinity":46,"s:141:21:141:Infinity":47,"s:143:20:143:Infinity":48,"s:145:4:148:Infinity":49,"s:150:4:152:Infinity":50,"s:154:4:156:Infinity":51,"s:157:4:157:Infinity":52,"s:158:4:158:Infinity":53,"s:160:4:203:Infinity":54,"s:205:4:205:Infinity":55},"fnNames":{}}}
,"E:\\GitHub\\Frontier-Engineering-Challenge-2026\\src\\utils\\resilientGenAi.ts": {"path":"E:\\GitHub\\Frontier-Engineering-Challenge-2026\\src\\utils\\resilientGenAi.ts","statementMap":{"0":{"start":{"line":27,"column":2},"end":{"line":29,"column":null}},"1":{"start":{"line":28,"column":4},"end":{"line":28,"column":null}},"2":{"start":{"line":30,"column":2},"end":{"line":32,"column":null}},"3":{"start":{"line":31,"column":4},"end":{"line":31,"column":null}},"4":{"start":{"line":33,"column":2},"end":{"line":33,"column":null}},"5":{"start":{"line":54,"column":36},"end":{"line":54,"column":null}},"6":{"start":{"line":56,"column":27},"end":{"line":56,"column":null}},"7":{"start":{"line":58,"column":2},"end":{"line":104,"column":null}},"8":{"start":{"line":59,"column":4},"end":{"line":59,"column":null}},"9":{"start":{"line":61,"column":4},"end":{"line":103,"column":null}},"10":{"start":{"line":61,"column":23},"end":{"line":61,"column":26}},"11":{"start":{"line":62,"column":6},"end":{"line":102,"column":null}},"12":{"start":{"line":63,"column":8},"end":{"line":65,"column":null}},"13":{"start":{"line":64,"column":10},"end":{"line":64,"column":null}},"14":{"start":{"line":67,"column":25},"end":{"line":70,"column":null}},"15":{"start":{"line":72,"column":8},"end":{"line":76,"column":null}},"16":{"start":{"line":78,"column":8},"end":{"line":78,"column":null}},"17":{"start":{"line":79,"column":33},"end":{"line":79,"column":null}},"18":{"start":{"line":81,"column":10},"end":{"line":85,"column":null}},"19":{"start":{"line":87,"column":10},"end":{"line":87,"column":null}},"20":{"start":{"line":89,"column":8},"end":{"line":92,"column":null}},"21":{"start":{"line":90,"column":10},"end":{"line":90,"column":null}},"22":{"start":{"line":91,"column":10},"end":{"line":91,"column":null}},"23":{"start":{"line":94,"column":8},"end":{"line":101,"column":null}},"24":{"start":{"line":95,"column":33},"end":{"line":95,"column":null}},"25":{"start":{"line":96,"column":10},"end":{"line":96,"column":null}},"26":{"start":{"line":97,"column":10},"end":{"line":97,"column":null}},"27":{"start":{"line":97,"column":41},"end":{"line":97,"column":68}},"28":{"start":{"line":99,"column":10},"end":{"line":99,"column":null}},"29":{"start":{"line":100,"column":10},"end":{"line":100,"column":null}},"30":{"start":{"line":106,"column":2},"end":{"line":108,"column":null}},"31":{"start":{"line":107,"column":4},"end":{"line":107,"column":null}},"32":{"start":{"line":109,"column":22},"end":{"line":109,"column":null}},"33":{"start":{"line":110,"column":2},"end":{"line":110,"column":null}}},"fnMap":{"0":{"name":"getErrorMessage","decl":{"start":{"line":26,"column":9},"end":{"line":26,"column":25}},"loc":{"start":{"line":26,"column":49},"end":{"line":34,"column":null}},"line":26},"1":{"name":"generateWithRetry","decl":{"start":{"line":40,"column":22},"end":{"line":40,"column":null}},"loc":{"start":{"line":52,"column":29},"end":{"line":111,"column":null}},"line":52},"2":{"name":"(anonymous_2)","decl":{"start":{"line":97,"column":20},"end":{"line":97,"column":29}},"loc":{"start":{"line":97,"column":41},"end":{"line":97,"column":68}},"line":97}},"branchMap":{"0":{"loc":{"start":{"line":27,"column":2},"end":{"line":29,"column":null}},"type":"if","locations":[{"start":{"line":27,"column":2},"end":{"line":29,"column":null}},{"start":{},"end":{}}],"line":27},"1":{"loc":{"start":{"line":30,"column":2},"end":{"line":32,"column":null}},"type":"if","locations":[{"start":{"line":30,"column":2},"end":{"line":32,"column":null}},{"start":{},"end":{}}],"line":30},"2":{"loc":{"start":{"line":30,"column":6},"end":{"line":30,"column":51}},"type":"binary-expr","locations":[{"start":{"line":30,"column":6},"end":{"line":30,"column":35}},{"start":{"line":30,"column":35},"end":{"line":30,"column":51}}],"line":30},"3":{"loc":{"start":{"line":44,"column":2},"end":{"line":50,"column":null}},"type":"default-arg","locations":[{"start":{"line":44,"column":29},"end":{"line":50,"column":null}}],"line":44},"4":{"loc":{"start":{"line":51,"column":2},"end":{"line":51,"column":null}},"type":"default-arg","locations":[{"start":{"line":51,"column":23},"end":{"line":51,"column":null}}],"line":51},"5":{"loc":{"start":{"line":63,"column":8},"end":{"line":65,"column":null}},"type":"if","locations":[{"start":{"line":63,"column":8},"end":{"line":65,"column":null}},{"start":{},"end":{}}],"line":63},"6":{"loc":{"start":{"line":73,"column":16},"end":{"line":73,"column":null}},"type":"binary-expr","locations":[{"start":{"line":73,"column":16},"end":{"line":73,"column":33}},{"start":{"line":73,"column":33},"end":{"line":73,"column":null}}],"line":73},"7":{"loc":{"start":{"line":81,"column":10},"end":{"line":85,"column":null}},"type":"binary-expr","locations":[{"start":{"line":81,"column":10},"end":{"line":81,"column":null}},{"start":{"line":82,"column":10},"end":{"line":82,"column":null}},{"start":{"line":83,"column":10},"end":{"line":83,"column":null}},{"start":{"line":84,"column":10},"end":{"line":84,"column":null}},{"start":{"line":85,"column":10},"end":{"line":85,"column":null}}],"line":81},"8":{"loc":{"start":{"line":87,"column":10},"end":{"line":87,"column":null}},"type":"binary-expr","locations":[{"start":{"line":87,"column":10},"end":{"line":87,"column":38}},{"start":{"line":87,"column":38},"end":{"line":87,"column":72}},{"start":{"line":87,"column":72},"end":{"line":87,"column":null}}],"line":87},"9":{"loc":{"start":{"line":89,"column":8},"end":{"line":92,"column":null}},"type":"if","locations":[{"start":{"line":89,"column":8},"end":{"line":92,"column":null}},{"start":{},"end":{}}],"line":89},"10":{"loc":{"start":{"line":94,"column":8},"end":{"line":101,"column":null}},"type":"if","locations":[{"start":{"line":94,"column":8},"end":{"line":101,"column":null}},{"start":{"line":98,"column":15},"end":{"line":101,"column":null}}],"line":94},"11":{"loc":{"start":{"line":94,"column":12},"end":{"line":94,"column":48}},"type":"binary-expr","locations":[{"start":{"line":94,"column":12},"end":{"line":94,"column":26}},{"start":{"line":94,"column":26},"end":{"line":94,"column":48}}],"line":94},"12":{"loc":{"start":{"line":106,"column":2},"end":{"line":108,"column":null}},"type":"if","locations":[{"start":{"line":106,"column":2},"end":{"line":108,"column":null}},{"start":{},"end":{}}],"line":106},"13":{"loc":{"start":{"line":109,"column":22},"end":{"line":109,"column":null}},"type":"cond-expr","locations":[{"start":{"line":109,"column":34},"end":{"line":109,"column":63}},{"start":{"line":109,"column":63},"end":{"line":109,"column":null}}],"line":109}},"s":{"0":8,"1":3,"2":5,"3":3,"4":2,"5":8,"6":8,"7":8,"8":10,"9":10,"10":10,"11":10,"12":10,"13":1,"14":10,"15":4,"16":6,"17":6,"18":6,"19":6,"20":6,"21":1,"22":1,"23":5,"24":1,"25":1,"26":1,"27":1,"28":4,"29":4,"30":4,"31":1,"32":3,"33":8},"f":{"0":8,"1":8,"2":1},"b":{"0":[3,5],"1":[3,2],"2":[5,3],"3":[8],"4":[8],"5":[1,9],"6":[4,1],"7":[6,4,4,4,4],"8":[6,5,5],"9":[1,5],"10":[1,4],"11":[5,2],"12":[1,3],"13":[2,1]},"meta":{"lastBranch":14,"lastFunction":3,"lastStatement":34,"seen":{"f:26:9:26:25":0,"b:27:2:29:Infinity:undefined:undefined:undefined:undefined":0,"s:27:2:29:Infinity":0,"s:28:4:28:Infinity":1,"b:30:2:32:Infinity:undefined:undefined:undefined:undefined":1,"s:30:2:32:Infinity":2,"b:30:6:30:35:30:35:30:51":2,"s:31:4:31:Infinity":3,"s:33:2:33:Infinity":4,"f:40:22:40:Infinity":1,"b:44:29:50:Infinity":3,"b:51:23:51:Infinity":4,"s:54:36:54:Infinity":5,"s:56:27:56:Infinity":6,"s:58:2:104:Infinity":7,"s:59:4:59:Infinity":8,"s:61:4:103:Infinity":9,"s:61:23:61:26":10,"s:62:6:102:Infinity":11,"b:63:8:65:Infinity:undefined:undefined:undefined:undefined":5,"s:63:8:65:Infinity":12,"s:64:10:64:Infinity":13,"s:67:25:70:Infinity":14,"s:72:8:76:Infinity":15,"b:73:16:73:33:73:33:73:Infinity":6,"s:78:8:78:Infinity":16,"s:79:33:79:Infinity":17,"s:81:10:85:Infinity":18,"b:81:10:81:Infinity:82:10:82:Infinity:83:10:83:Infinity:84:10:84:Infinity:85:10:85:Infinity":7,"s:87:10:87:Infinity":19,"b:87:10:87:38:87:38:87:72:87:72:87:Infinity":8,"b:89:8:92:Infinity:undefined:undefined:undefined:undefined":9,"s:89:8:92:Infinity":20,"s:90:10:90:Infinity":21,"s:91:10:91:Infinity":22,"b:94:8:101:Infinity:98:15:101:Infinity":10,"s:94:8:101:Infinity":23,"b:94:12:94:26:94:26:94:48":11,"s:95:33:95:Infinity":24,"s:96:10:96:Infinity":25,"s:97:10:97:Infinity":26,"f:97:20:97:29":2,"s:97:41:97:68":27,"s:99:10:99:Infinity":28,"s:100:10:100:Infinity":29,"b:106:2:108:Infinity:undefined:undefined:undefined:undefined":12,"s:106:2:108:Infinity":30,"s:107:4:107:Infinity":31,"s:109:22:109:Infinity":32,"b:109:34:109:63:109:63:109:Infinity":13,"s:110:2:110:Infinity":33},"fnNames":{}}}
}
